<?xml version="1.0" encoding="UTF-8" ?>
<testsuite tests="3" failures="1" name="nl.johnvanweel.iot.music.access.JGroupsChannelTest" time="2.236" errors="0" skipped="0">
  <properties>
    <property name="java.runtime.name" value="Java(TM) SE Runtime Environment"/>
    <property name="sun.boot.library.path" value="/usr/lib/jvm/java-8-oracle/jre/lib/amd64"/>
    <property name="java.vm.version" value="25.0-b57"/>
    <property name="java.vm.vendor" value="Oracle Corporation"/>
    <property name="java.vendor.url" value="http://java.oracle.com/"/>
    <property name="path.separator" value=":"/>
    <property name="guice.disable.misplaced.annotation.check" value="true"/>
    <property name="java.vm.name" value="Java HotSpot(TM) 64-Bit Server VM"/>
    <property name="file.encoding.pkg" value="sun.io"/>
    <property name="user.country" value="US"/>
    <property name="sun.java.launcher" value="SUN_STANDARD"/>
    <property name="sun.os.patch.level" value="unknown"/>
    <property name="java.vm.specification.name" value="Java Virtual Machine Specification"/>
    <property name="user.dir" value="/home/john/Projects/home-automation"/>
    <property name="java.runtime.version" value="1.8.0-ea-b115"/>
    <property name="java.awt.graphicsenv" value="sun.awt.X11GraphicsEnvironment"/>
    <property name="java.endorsed.dirs" value="/usr/lib/jvm/java-8-oracle/jre/lib/endorsed"/>
    <property name="os.arch" value="amd64"/>
    <property name="java.io.tmpdir" value="/tmp"/>
    <property name="line.separator" value="
"/>
    <property name="java.vm.specification.vendor" value="Oracle Corporation"/>
    <property name="os.name" value="Linux"/>
    <property name="classworlds.conf" value="/opt/apache-maven-3.0.5/bin/m2.conf"/>
    <property name="sun.jnu.encoding" value="UTF-8"/>
    <property name="java.library.path" value="/usr/java/packages/lib/amd64:/usr/lib64:/lib64:/lib:/usr/lib"/>
    <property name="java.specification.name" value="Java Platform API Specification"/>
    <property name="java.class.version" value="52.0"/>
    <property name="sun.management.compiler" value="HotSpot 64-Bit Tiered Compilers"/>
    <property name="os.version" value="3.8.0-33-generic"/>
    <property name="user.home" value="/home/john"/>
    <property name="user.timezone" value="Europe/Amsterdam"/>
    <property name="java.awt.printerjob" value="sun.print.PSPrinterJob"/>
    <property name="file.encoding" value="UTF-8"/>
    <property name="java.specification.version" value="1.8"/>
    <property name="user.name" value="john"/>
    <property name="java.class.path" value="/opt/apache-maven-3.0.5/boot/plexus-classworlds-2.4.jar"/>
    <property name="java.vm.specification.version" value="1.8"/>
    <property name="sun.arch.data.model" value="64"/>
    <property name="java.home" value="/usr/lib/jvm/java-8-oracle/jre"/>
    <property name="sun.java.command" value="org.codehaus.plexus.classworlds.launcher.Launcher clean install"/>
    <property name="java.specification.vendor" value="Oracle Corporation"/>
    <property name="user.language" value="en"/>
    <property name="awt.toolkit" value="sun.awt.X11.XToolkit"/>
    <property name="java.vm.info" value="mixed mode"/>
    <property name="java.version" value="1.8.0-ea"/>
    <property name="java.ext.dirs" value="/usr/lib/jvm/java-8-oracle/jre/lib/ext:/usr/java/packages/lib/ext"/>
    <property name="securerandom.source" value="file:/dev/./urandom"/>
    <property name="sun.boot.class.path" value="/usr/lib/jvm/java-8-oracle/jre/lib/resources.jar:/usr/lib/jvm/java-8-oracle/jre/lib/rt.jar:/usr/lib/jvm/java-8-oracle/jre/lib/sunrsasign.jar:/usr/lib/jvm/java-8-oracle/jre/lib/jsse.jar:/usr/lib/jvm/java-8-oracle/jre/lib/jce.jar:/usr/lib/jvm/java-8-oracle/jre/lib/charsets.jar:/usr/lib/jvm/java-8-oracle/jre/lib/jfr.jar:/usr/lib/jvm/java-8-oracle/jre/classes"/>
    <property name="java.vendor" value="Oracle Corporation"/>
    <property name="maven.home" value="/opt/apache-maven-3.0.5"/>
    <property name="file.separator" value="/"/>
    <property name="java.vendor.url.bug" value="http://bugreport.sun.com/bugreport/"/>
    <property name="sun.cpu.endian" value="little"/>
    <property name="sun.io.unicode.encoding" value="UnicodeLittle"/>
    <property name="sun.desktop" value="gnome"/>
    <property name="sun.cpu.isalist" value=""/>
  </properties>
  <testcase classname="nl.johnvanweel.iot.music.access.JGroupsChannelTest" name="testConfiguration" time="0.009"/>
  <testcase classname="nl.johnvanweel.iot.music.access.JGroupsChannelTest" name="testClusterName" time="0"/>
  <testcase classname="nl.johnvanweel.iot.music.access.JGroupsChannelTest" name="testConstruction" time="2.226">
    <failure message="
Wanted but not invoked:
receiverAdapter.receive(
    an instance of org.jgroups.Message
);
-&gt; at nl.johnvanweel.iot.music.access.JGroupsChannelTest.testConstruction(JGroupsChannelTest.java:60)

However, there were other interactions with this mock:
-&gt; at org.jgroups.JChannel.invokeCallback(JChannel.java:790)
" type="Wanted but not invoked">Wanted but not invoked:
receiverAdapter.receive(
    an instance of org.jgroups.Message
);
-&gt; at nl.johnvanweel.iot.music.access.JGroupsChannelTest.testConstruction(JGroupsChannelTest.java:60)

However, there were other interactions with this mock:
-&gt; at org.jgroups.JChannel.invokeCallback(JChannel.java:790)

	at nl.johnvanweel.iot.music.access.JGroupsChannelTest.testConstruction(JGroupsChannelTest.java:60)
	at sun.reflect.NativeMethodAccessorImpl.invoke0(Native Method)
	at sun.reflect.NativeMethodAccessorImpl.invoke(NativeMethodAccessorImpl.java:57)
	at sun.reflect.DelegatingMethodAccessorImpl.invoke(DelegatingMethodAccessorImpl.java:43)
	at java.lang.reflect.Method.invoke(Method.java:483)
	at org.junit.runners.model.FrameworkMethod$1.runReflectiveCall(FrameworkMethod.java:44)
	at org.junit.internal.runners.model.ReflectiveCallable.run(ReflectiveCallable.java:15)
	at org.junit.runners.model.FrameworkMethod.invokeExplosively(FrameworkMethod.java:41)
	at org.junit.internal.runners.statements.InvokeMethod.evaluate(InvokeMethod.java:20)
	at org.junit.internal.runners.statements.RunBefores.evaluate(RunBefores.java:28)
	at org.junit.runners.BlockJUnit4ClassRunner.runNotIgnored(BlockJUnit4ClassRunner.java:79)
	at org.junit.runners.BlockJUnit4ClassRunner.runChild(BlockJUnit4ClassRunner.java:71)
	at org.junit.runners.BlockJUnit4ClassRunner.runChild(BlockJUnit4ClassRunner.java:49)
	at org.junit.runners.ParentRunner$3.run(ParentRunner.java:193)
	at org.junit.runners.ParentRunner$1.schedule(ParentRunner.java:52)
	at org.junit.runners.ParentRunner.runChildren(ParentRunner.java:191)
	at org.junit.runners.ParentRunner.access$000(ParentRunner.java:42)
	at org.junit.runners.ParentRunner$2.evaluate(ParentRunner.java:184)
	at org.junit.runners.ParentRunner.run(ParentRunner.java:236)
	at org.apache.maven.surefire.junit4.JUnit4TestSet.execute(JUnit4TestSet.java:53)
	at org.apache.maven.surefire.junit4.JUnit4Provider.executeTestSet(JUnit4Provider.java:123)
	at org.apache.maven.surefire.junit4.JUnit4Provider.invoke(JUnit4Provider.java:104)
	at sun.reflect.NativeMethodAccessorImpl.invoke0(Native Method)
	at sun.reflect.NativeMethodAccessorImpl.invoke(NativeMethodAccessorImpl.java:57)
	at sun.reflect.DelegatingMethodAccessorImpl.invoke(DelegatingMethodAccessorImpl.java:43)
	at java.lang.reflect.Method.invoke(Method.java:483)
	at org.apache.maven.surefire.util.ReflectionUtils.invokeMethodWithArray(ReflectionUtils.java:164)
	at org.apache.maven.surefire.booter.ProviderFactory$ProviderProxy.invoke(ProviderFactory.java:110)
	at org.apache.maven.surefire.booter.SurefireStarter.invokeProvider(SurefireStarter.java:175)
	at org.apache.maven.surefire.booter.SurefireStarter.runSuitesInProcessWhenForked(SurefireStarter.java:107)
	at org.apache.maven.surefire.booter.ForkedBooter.main(ForkedBooter.java:68)
</failure>
    <system-out>221  [main] DEBUG org.jgroups.stack.Configurator  - set property UDP.mcast_group_addr to default value /ff0e:0:0:0:0:8:8:8
221  [main] DEBUG org.jgroups.stack.Configurator  - set property UDP.bind_addr to default value /fe80:0:0:0:62a4:4cff:fecb:78b0%eth0
221  [main] DEBUG org.jgroups.stack.Configurator  - set property UDP.diagnostics_addr to default value /ff0e:0:0:0:0:0:75:75
243  [main] DEBUG org.jgroups.protocols.UDP  - sockets will use interface fe80:0:0:0:62a4:4cff:fecb:78b0%eth0
245  [main] WARN  org.jgroups.protocols.UDP  - JGRP000015: the send buffer of socket DatagramSocket was set to 640KB, but the OS only allocated 212.99KB. This might lead to performance problems. Please set your max send buffer in the OS correctly (e.g. net.core.wmem_max on Linux)
245  [main] WARN  org.jgroups.protocols.UDP  - JGRP000015: the receive buffer of socket DatagramSocket was set to 5MB, but the OS only allocated 212.99KB. This might lead to performance problems. Please set your max receive buffer in the OS correctly (e.g. net.core.rmem_max on Linux)
245  [main] WARN  org.jgroups.protocols.UDP  - JGRP000015: the send buffer of socket MulticastSocket was set to 640KB, but the OS only allocated 212.99KB. This might lead to performance problems. Please set your max send buffer in the OS correctly (e.g. net.core.wmem_max on Linux)
245  [main] WARN  org.jgroups.protocols.UDP  - JGRP000015: the receive buffer of socket MulticastSocket was set to 5MB, but the OS only allocated 212.99KB. This might lead to performance problems. Please set your max receive buffer in the OS correctly (e.g. net.core.rmem_max on Linux)
246  [main] DEBUG org.jgroups.protocols.UDP  - socket information:
mcast_addr=ff0e:0:0:0:0:8:8:8:45588, bind_addr=/fe80:0:0:0:62a4:4cff:fecb:78b0%eth0, ttl=8
sock: bound to fe80:0:0:0:62a4:4cff:fecb:78b0%2:55738, receive buffer size=212992, send buffer size=212992
mcast_sock: bound to fe80:0:0:0:62a4:4cff:fecb:78b0%eth0:45588, send buffer size=212992, receive buffer size=212992

-------------------------------------------------------------------
GMS: address=John-Linux-63068, cluster=ClusterName, physical address=fe80:0:0:0:62a4:4cff:fecb:78b0%2:55738
-------------------------------------------------------------------
2261 [main] DEBUG org.jgroups.protocols.pbcast.NAKACK2  - 
[John-Linux-63068 setDigest()]
existing digest:  []
new digest:       John-Linux-63068: [0 (0)]
resulting digest: John-Linux-63068: [0 (0)]
2261 [main] DEBUG org.jgroups.protocols.pbcast.GMS  - John-Linux-63068: installing view [John-Linux-63068|0] (1) [John-Linux-63068]
2262 [main] DEBUG org.jgroups.protocols.pbcast.STABLE  - resuming message garbage collection
2263 [main] DEBUG org.jgroups.protocols.FD_SOCK  - VIEW_CHANGE received: [John-Linux-63068]
2270 [main] DEBUG org.jgroups.protocols.pbcast.STABLE  - resuming message garbage collection
2270 [main] DEBUG org.jgroups.protocols.pbcast.GMS  - created cluster (first member). My view is [John-Linux-63068|0], impl is org.jgroups.protocols.pbcast.CoordGmsImpl
</system-out>
  </testcase>
</testsuite>